{
  "RSpec": {
    "coverage": {
      "/Users/iPatriot/Desktop/toy/app/models/user.rb": [
        1,
        null,
        null,
        1,
        null,
        null
      ],
      "/Users/iPatriot/Desktop/toy/app/controllers/problems_controller.rb": [
        1,
        null,
        1,
        1,
        null,
        null,
        1,
        0,
        null,
        0,
        0,
        0,
        null,
        0,
        0,
        null,
        null,
        null,
        null,
        1,
        null,
        1,
        0,
        null,
        null,
        null
      ],
      "/Users/iPatriot/Desktop/toy/app/controllers/application_controller.rb": [
        1,
        null,
        null,
        1,
        null
      ],
      "/Users/iPatriot/Desktop/toy/app/models/problem.rb": [
        1,
        null,
        1,
        1,
        null
      ],
      "/Users/iPatriot/Desktop/toy/app/controllers/homes_controller.rb": [
        1,
        1,
        null,
        null
      ]
    },
    "timestamp": 1444146441
  }
}
